[debug] [2018-07-16T05:28:41.708Z] ----------------------------------------------------------------------
[debug] [2018-07-16T05:28:41.710Z] Command:       /Users/sile/.nvm/versions/node/v8.4.0/bin/node /Users/sile/.nvm/versions/node/v8.4.0/bin/firebase deploy --only functions
[debug] [2018-07-16T05:28:41.711Z] CLI Version:   3.19.3
[debug] [2018-07-16T05:28:41.711Z] Platform:      darwin
[debug] [2018-07-16T05:28:41.711Z] Node Version:  v8.4.0
[debug] [2018-07-16T05:28:41.711Z] Time:          Mon Jul 16 2018 01:28:41 GMT-0400 (EDT)
[debug] [2018-07-16T05:28:41.711Z] ----------------------------------------------------------------------
[debug] 
[debug] [2018-07-16T05:28:41.723Z] > command requires scopes: ["email","openid","https://www.googleapis.com/auth/cloudplatformprojects.readonly","https://www.googleapis.com/auth/firebase","https://www.googleapis.com/auth/cloud-platform"]
[debug] [2018-07-16T05:28:41.723Z] > authorizing via signed-in user
[debug] [2018-07-16T05:28:41.725Z] >>> HTTP REQUEST GET https://admin.firebase.com/v1/projects/chat-app-aeda7  
  
 Mon Jul 16 2018 01:28:41 GMT-0400 (EDT)
[debug] [2018-07-16T05:28:42.074Z] <<< HTTP RESPONSE 200
[debug] [2018-07-16T05:28:42.075Z] >>> HTTP REQUEST GET https://admin.firebase.com/v1/database/chat-app-aeda7/tokens  
  
 Mon Jul 16 2018 01:28:42 GMT-0400 (EDT)
[debug] [2018-07-16T05:28:42.422Z] <<< HTTP RESPONSE 200
[info] 
[info] === Deploying to 'chat-app-aeda7'...
[info] 
[info] i  deploying functions
[info] Running command: npm --prefix "$RESOURCE_DIR" run lint
[info] Running command: npm --prefix "$RESOURCE_DIR" run build
[info] ✔  functions: Finished running predeploy script.
[debug] [2018-07-16T05:28:52.526Z] > [functions] package.json contents: {
  "name": "functions",
  "scripts": {
    "lint": "tslint --project tsconfig.json",
    "build": "tsc -p tsconfig.json",
    "serve": "npm run build && firebase serve --only functions",
    "shell": "npm run build && firebase functions:shell",
    "start": "npm run shell",
    "deploy": "firebase deploy --only functions",
    "logs": "firebase functions:log"
  },
  "main": "lib/index.js",
  "dependencies": {
    "cors": "^2.8.4",
    "firebase-admin": "^5.12.1",
    "firebase-functions": "^1.0.3"
  },
  "devDependencies": {
    "tslint": "^5.8.0",
    "typescript": "^2.9.2"
  },
  "private": true
}
[info] i  functions: ensuring necessary APIs are enabled...
[debug] [2018-07-16T05:28:52.527Z] >>> HTTP REQUEST GET https://servicemanagement.googleapis.com/v1/services/cloudfunctions.googleapis.com/projectSettings/chat-app-aeda7?view=CONSUMER_VIEW  
  
 Mon Jul 16 2018 01:28:52 GMT-0400 (EDT)
[debug] [2018-07-16T05:28:52.528Z] >>> HTTP REQUEST GET https://servicemanagement.googleapis.com/v1/services/runtimeconfig.googleapis.com/projectSettings/chat-app-aeda7?view=CONSUMER_VIEW  
  
 Mon Jul 16 2018 01:28:52 GMT-0400 (EDT)
[debug] [2018-07-16T05:28:53.394Z] <<< HTTP RESPONSE 200
[debug] [2018-07-16T05:28:53.426Z] <<< HTTP RESPONSE 200
[info] ✔  functions: all necessary APIs are enabled
[debug] [2018-07-16T05:28:53.427Z] >>> HTTP REQUEST GET https://cloudresourcemanager.googleapis.com/v1/projects/chat-app-aeda7  
  
 Mon Jul 16 2018 01:28:53 GMT-0400 (EDT)
[debug] [2018-07-16T05:28:53.730Z] <<< HTTP RESPONSE 200
[debug] [2018-07-16T05:28:53.731Z] >>> HTTP REQUEST GET https://mobilesdk-pa.googleapis.com/v1/projects/776601158402:getServerAppConfig  
  
 Mon Jul 16 2018 01:28:53 GMT-0400 (EDT)
[debug] [2018-07-16T05:28:53.976Z] <<< HTTP RESPONSE 200
[info] i  functions: preparing functions directory for uploading...
[debug] [2018-07-16T05:28:53.978Z] >>> HTTP REQUEST GET https://runtimeconfig.googleapis.com/v1beta1/projects/chat-app-aeda7/configs  
  
 Mon Jul 16 2018 01:28:53 GMT-0400 (EDT)
[debug] [2018-07-16T05:28:54.183Z] <<< HTTP RESPONSE 200
[info] i  functions: packaged functions (48.04 KB) for uploading
[debug] [2018-07-16T05:28:54.812Z] >>> HTTP REQUEST POST https://cloudfunctions.googleapis.com/v1/projects/chat-app-aeda7/locations/us-central1/functions:generateUploadUrl  
  
 Mon Jul 16 2018 01:28:54 GMT-0400 (EDT)
